0 info it worked if it ends with ok
1 verbose cli [ 'node', '/usr/local/bin/npm', 'publish' ]
2 info using npm@2.7.1
3 info using node@v0.12.0
4 verbose node symlink /usr/local/bin/node
5 verbose publish [ '.' ]
6 silly cache add args [ '.', null ]
7 verbose cache add spec .
8 silly cache add parsed spec { raw: '.',
8 silly cache add   scope: null,
8 silly cache add   name: null,
8 silly cache add   rawSpec: '.',
8 silly cache add   spec: '/Users/wangchao/Documents/source/js/bigboss_node/node_modules/gzip-get',
8 silly cache add   type: 'directory' }
9 verbose addLocalDirectory /Users/wangchao/.npm/gzip-get/1.0.1/package.tgz not in flight; packing
10 verbose tar pack [ '/Users/wangchao/.npm/gzip-get/1.0.1/package.tgz',
10 verbose tar pack   '/Users/wangchao/Documents/source/js/bigboss_node/node_modules/gzip-get' ]
11 verbose tarball /Users/wangchao/.npm/gzip-get/1.0.1/package.tgz
12 verbose folder /Users/wangchao/Documents/source/js/bigboss_node/node_modules/gzip-get
13 info prepublish gzip-get@1.0.1
14 verbose addLocalTarball adding from inside cache /Users/wangchao/.npm/gzip-get/1.0.1/package.tgz
15 silly cache afterAdd gzip-get@1.0.1
16 verbose afterAdd /Users/wangchao/.npm/gzip-get/1.0.1/package/package.json not in flight; writing
17 verbose afterAdd /Users/wangchao/.npm/gzip-get/1.0.1/package/package.json written
18 silly publish { name: 'gzip-get',
18 silly publish   version: '1.0.1',
18 silly publish   description: 'get resouce by request and gunzip it to callback',
18 silly publish   main: 'index.js',
18 silly publish   scripts: { test: 'echo "Error: no test specified" && exit 1' },
18 silly publish   repository:
18 silly publish    { type: 'git',
18 silly publish      url: 'https://github.com/tlightsky/gzip-get.git' },
18 silly publish   dependencies: { request: '2.57.0' },
18 silly publish   keywords: [ 'gzip', 'get', 'http' ],
18 silly publish   author:
18 silly publish    { name: 'wangchao719',
18 silly publish      email: 'wangchao719@gmail.com',
18 silly publish      url: 'http://tlightsky.com' },
18 silly publish   licenses:
18 silly publish    [ { type: 'MIT',
18 silly publish        url: 'https://github.com/brentertz/scapegoat/blob/master/LICENSE-MIT' } ],
18 silly publish   bugs: { url: 'https://github.com/tlightsky/gzip-get/issues' },
18 silly publish   homepage: 'https://github.com/tlightsky/gzip-get',
18 silly publish   readme: '# gzip-get\n\n    var gzip_get = require(\'gzip-get\');\n    gzip_get(url, function(err, data) {\n        if (err)\n            console.log(err);\n        else\n            console.log(data);\n    });\n',
18 silly publish   readmeFilename: 'README.md',
18 silly publish   gitHead: '99cf2782b29e14384f572ba37da41c1a83016ebd',
18 silly publish   _id: 'gzip-get@1.0.1',
18 silly publish   _shasum: 'b7b795ffacf1831cbd281d11f0e11b3a5d23f631',
18 silly publish   _from: '.' }
19 silly mapToRegistry name gzip-get
20 silly mapToRegistry using default registry
21 silly mapToRegistry registry https://registry.npmjs.org/
22 silly mapToRegistry uri https://registry.npmjs.org/gzip-get
23 verbose publish registryBase https://registry.npmjs.org/
24 silly publish uploading /Users/wangchao/.npm/gzip-get/1.0.1/package.tgz
25 verbose request uri https://registry.npmjs.org/gzip-get
26 verbose request sending authorization for write operation
27 info attempt registry request try #1 at 15:33:14
28 verbose request using bearer token for auth
29 verbose request id 903cc9e99a296935
30 http request PUT https://registry.npmjs.org/gzip-get
31 http 403 https://registry.npmjs.org/gzip-get
32 verbose headers { 'content-type': 'application/json',
32 verbose headers   'cache-control': 'max-age=60',
32 verbose headers   'content-length': '95',
32 verbose headers   'accept-ranges': 'bytes',
32 verbose headers   date: 'Mon, 15 Jun 2015 07:33:15 GMT',
32 verbose headers   via: '1.1 varnish',
32 verbose headers   connection: 'keep-alive',
32 verbose headers   'x-served-by': 'cache-lax1427-LAX',
32 verbose headers   'x-cache': 'MISS',
32 verbose headers   'x-cache-hits': '0',
32 verbose headers   'x-timer': 'S1434353595.583770,VS0,VE236' }
33 verbose request invalidating /Users/wangchao/.npm/registry.npmjs.org/gzip-get on PUT
34 error publish Failed PUT 403
35 verbose stack Error: "You cannot publish over the previously published version 1.0.1." : gzip-get
35 verbose stack     at CachingRegistryClient.<anonymous> (/usr/local/lib/node_modules/npm/node_modules/npm-registry-client/lib/request.js:254:14)
35 verbose stack     at Request._callback (/usr/local/lib/node_modules/npm/node_modules/npm-registry-client/lib/request.js:178:14)
35 verbose stack     at Request.self.callback (/usr/local/lib/node_modules/npm/node_modules/request/request.js:344:22)
35 verbose stack     at Request.emit (events.js:110:17)
35 verbose stack     at Request.<anonymous> (/usr/local/lib/node_modules/npm/node_modules/request/request.js:1239:14)
35 verbose stack     at Request.emit (events.js:129:20)
35 verbose stack     at IncomingMessage.<anonymous> (/usr/local/lib/node_modules/npm/node_modules/request/request.js:1187:12)
35 verbose stack     at IncomingMessage.emit (events.js:129:20)
35 verbose stack     at _stream_readable.js:908:16
35 verbose stack     at process._tickCallback (node.js:355:11)
36 verbose statusCode 403
37 verbose pkgid gzip-get
38 verbose cwd /Users/wangchao/Documents/source/js/bigboss_node/node_modules/gzip-get
39 error Darwin 14.3.0
40 error argv "node" "/usr/local/bin/npm" "publish"
41 error node v0.12.0
42 error npm  v2.7.1
43 error code E403
44 error "You cannot publish over the previously published version 1.0.1." : gzip-get
45 error If you need help, you may report this error at:
45 error     <https://github.com/npm/npm/issues>
46 verbose exit [ 1, true ]
